<?xml version='1.0' encoding='UTF-8'?>
<testsuite hostname="Camerons-MacBook-Air.local" name="edu.colorado.csci3155.project1.CompilerTest" tests="11" errors="0" failures="0" skipped="0" time="0.01" timestamp="2021-10-06T20:10:25">
          <properties>
[...]
</properties>
          <testcase classname="edu.colorado.csci3155.project1.CompilerTest" name="simple expression 1" time="0.006">
                      
                    </testcase><testcase classname="edu.colorado.csci3155.project1.CompilerTest" name="simple expression 2" time="0.001">
                      
                    </testcase><testcase classname="edu.colorado.csci3155.project1.CompilerTest" name="nested add test" time="0.0">
                      
                    </testcase><testcase classname="edu.colorado.csci3155.project1.CompilerTest" name="ident" time="0.0">
                      
                    </testcase><testcase classname="edu.colorado.csci3155.project1.CompilerTest" name="let expression with ident" time="0.001">
                      
                    </testcase><testcase classname="edu.colorado.csci3155.project1.CompilerTest" name="simple expression 3" time="0.0">
                      
                    </testcase><testcase classname="edu.colorado.csci3155.project1.CompilerTest" name="simple expression 4" time="0.001">
                      
                    </testcase><testcase classname="edu.colorado.csci3155.project1.CompilerTest" name="LetBinding + Ident Test 1" time="0.0">
                      
                    </testcase><testcase classname="edu.colorado.csci3155.project1.CompilerTest" name="LetBinding + Ident Test 2" time="0.0">
                      
                    </testcase><testcase classname="edu.colorado.csci3155.project1.CompilerTest" name="LetBinding + Ident Test 3" time="0.0">
                      
                    </testcase><testcase classname="edu.colorado.csci3155.project1.CompilerTest" name="LetBinding + Ident Test 4" time="0.001">
                      
                    </testcase>
          <system-out><![CDATA[]]></system-out>
          <system-err><![CDATA[]]></system-err>
        </testsuite>